2017-06-18 20:20:51  [ AWT-EventQueue-0:0 ] - [ DEBUG ]  getScalling return 0.75
2017-06-18 20:20:59  [ AWT-EventQueue-0:8375 ] - [ DEBUG ]  4 read frameIndex is 0
2017-06-18 20:20:59  [ AWT-EventQueue-0:8375 ] - [ DEBUG ]  read lane
2017-06-18 20:20:59  [ AWT-EventQueue-0:8375 ] - [ DEBUG ]  read person || traffic_sign || tricycle
2017-06-18 20:20:59  [ AWT-EventQueue-0:8391 ] - [ DEBUG ]  read bike
2017-06-18 20:20:59  [ AWT-EventQueue-0:8391 ] - [ DEBUG ]  8 read car
2017-06-18 20:20:59  [ AWT-EventQueue-0:8391 ] - [ DEBUG ]  read person || traffic_sign || tricycle
2017-06-18 20:20:59  [ AWT-EventQueue-0:8391 ] - [ DEBUG ]  read person || traffic_sign || tricycle
2017-06-18 20:20:59  [ AWT-EventQueue-0:8391 ] - [ DEBUG ]  11 read car
2017-06-18 20:20:59  [ AWT-EventQueue-0:8391 ] - [ DEBUG ]  12 read car
2017-06-18 20:20:59  [ AWT-EventQueue-0:8391 ] - [ DEBUG ]  13 read car
2017-06-18 20:20:59  [ AWT-EventQueue-0:8391 ] - [ DEBUG ]  read person || traffic_sign || tricycle
2017-06-18 20:20:59  [ AWT-EventQueue-0:8391 ] - [ DEBUG ]  15 read car
2017-06-18 20:20:59  [ AWT-EventQueue-0:8391 ] - [ DEBUG ]  16 read frameIndex is 80
2017-06-18 20:20:59  [ AWT-EventQueue-0:8391 ] - [ DEBUG ]  17 read car
2017-06-18 20:20:59  [ AWT-EventQueue-0:8391 ] - [ DEBUG ]  18 read car
2017-06-18 20:20:59  [ AWT-EventQueue-0:8391 ] - [ DEBUG ]  19 read car
2017-06-18 20:20:59  [ AWT-EventQueue-0:8391 ] - [ DEBUG ]  read person || traffic_sign || tricycle
2017-06-18 20:20:59  [ AWT-EventQueue-0:8391 ] - [ DEBUG ]  21 read car
2017-06-18 20:20:59  [ AWT-EventQueue-0:8391 ] - [ DEBUG ]  22 read car
2017-06-18 20:20:59  [ AWT-EventQueue-0:8391 ] - [ DEBUG ]  23 read frameIndex is 170
2017-06-18 20:20:59  [ AWT-EventQueue-0:8391 ] - [ DEBUG ]  24 read car
2017-06-18 20:20:59  [ Thread-4:8406 ] - [ DEBUG ]  show image 0
2017-06-18 20:20:59  [ AWT-EventQueue-0:8406 ] - [ DEBUG ]  paint car annotation
2017-06-18 20:20:59  [ AWT-EventQueue-0:8406 ] - [ DEBUG ]  paint car annotation
2017-06-18 20:20:59  [ AWT-EventQueue-0:8406 ] - [ DEBUG ]  paint car annotation
2017-06-18 20:20:59  [ AWT-EventQueue-0:8406 ] - [ DEBUG ]  paint car annotation
2017-06-18 20:20:59  [ AWT-EventQueue-0:8406 ] - [ DEBUG ]  paint car annotation
2017-06-18 20:20:59  [ AWT-EventQueue-0:8422 ] - [ DEBUG ]  paint car annotation
2017-06-18 20:20:59  [ AWT-EventQueue-0:8422 ] - [ DEBUG ]  paint car annotation
2017-06-18 20:20:59  [ AWT-EventQueue-0:8422 ] - [ DEBUG ]  paint car annotation
2017-06-18 20:20:59  [ AWT-EventQueue-0:8422 ] - [ DEBUG ]  paint car annotation
2017-06-18 20:20:59  [ AWT-EventQueue-0:8422 ] - [ DEBUG ]  paint car annotation
2017-06-18 20:21:00  [ Thread-4:8922 ] - [ DEBUG ]  show image 1
2017-06-18 20:21:00  [ Thread-4:9422 ] - [ DEBUG ]  show image 2
2017-06-18 20:21:01  [ Thread-4:9937 ] - [ DEBUG ]  show image 3
2017-06-18 20:21:01  [ Thread-4:10438 ] - [ DEBUG ]  show image 4
2017-06-18 20:21:01  [ AWT-EventQueue-0:10444 ] - [ DEBUG ]  paint car annotation
2017-06-18 20:21:01  [ AWT-EventQueue-0:10444 ] - [ DEBUG ]  paint car annotation
2017-06-18 20:21:01  [ AWT-EventQueue-0:10444 ] - [ DEBUG ]  paint car annotation
2017-06-18 20:21:01  [ AWT-EventQueue-0:10444 ] - [ DEBUG ]  paint car annotation
2017-06-18 20:21:01  [ AWT-EventQueue-0:10444 ] - [ DEBUG ]  paint car annotation
2017-06-18 20:21:01  [ AWT-EventQueue-0:10444 ] - [ DEBUG ]  paint car annotation
2017-06-18 20:21:01  [ AWT-EventQueue-0:10444 ] - [ DEBUG ]  paint car annotation
2017-06-18 20:21:01  [ AWT-EventQueue-0:10444 ] - [ DEBUG ]  paint car annotation
2017-06-18 20:21:01  [ AWT-EventQueue-0:10444 ] - [ DEBUG ]  paint car annotation
2017-06-18 20:21:01  [ AWT-EventQueue-0:10444 ] - [ DEBUG ]  paint car annotation
2017-06-18 20:21:01  [ AWT-EventQueue-0:10461 ] - [ DEBUG ]  paint car annotation
2017-06-18 20:21:01  [ AWT-EventQueue-0:10461 ] - [ DEBUG ]  paint car annotation
2017-06-18 20:21:01  [ AWT-EventQueue-0:10461 ] - [ DEBUG ]  paint car annotation
2017-06-18 20:21:01  [ AWT-EventQueue-0:10461 ] - [ DEBUG ]  paint car annotation
2017-06-18 20:21:01  [ AWT-EventQueue-0:10461 ] - [ DEBUG ]  paint car annotation
2017-06-18 20:21:01  [ AWT-EventQueue-0:10678 ] - [ DEBUG ]  paint car annotation
2017-06-18 20:21:01  [ AWT-EventQueue-0:10679 ] - [ DEBUG ]  paint car annotation
2017-06-18 20:21:01  [ AWT-EventQueue-0:10679 ] - [ DEBUG ]  paint car annotation
2017-06-18 20:21:01  [ AWT-EventQueue-0:10680 ] - [ DEBUG ]  paint car annotation
2017-06-18 20:21:01  [ AWT-EventQueue-0:10680 ] - [ DEBUG ]  paint car annotation
2017-06-18 20:21:01  [ AWT-EventQueue-0:10691 ] - [ DEBUG ]  paint car annotation
2017-06-18 20:21:01  [ AWT-EventQueue-0:10692 ] - [ DEBUG ]  paint car annotation
2017-06-18 20:21:01  [ AWT-EventQueue-0:10692 ] - [ DEBUG ]  paint car annotation
2017-06-18 20:21:01  [ AWT-EventQueue-0:10693 ] - [ DEBUG ]  paint car annotation
2017-06-18 20:21:01  [ AWT-EventQueue-0:10694 ] - [ DEBUG ]  paint car annotation
2017-06-18 20:21:01  [ AWT-EventQueue-0:10703 ] - [ DEBUG ]  paint car annotation
2017-06-18 20:21:01  [ AWT-EventQueue-0:10705 ] - [ DEBUG ]  paint car annotation
2017-06-18 20:21:01  [ AWT-EventQueue-0:10708 ] - [ DEBUG ]  paint car annotation
2017-06-18 20:21:01  [ AWT-EventQueue-0:10709 ] - [ DEBUG ]  paint car annotation
2017-06-18 20:21:01  [ AWT-EventQueue-0:10709 ] - [ DEBUG ]  paint car annotation
2017-06-18 20:21:01  [ AWT-EventQueue-0:10717 ] - [ DEBUG ]  paint car annotation
2017-06-18 20:21:01  [ AWT-EventQueue-0:10718 ] - [ DEBUG ]  paint car annotation
2017-06-18 20:21:01  [ AWT-EventQueue-0:10719 ] - [ DEBUG ]  paint car annotation
2017-06-18 20:21:01  [ AWT-EventQueue-0:10721 ] - [ DEBUG ]  paint car annotation
2017-06-18 20:21:01  [ AWT-EventQueue-0:10723 ] - [ DEBUG ]  paint car annotation
2017-06-18 20:21:01  [ AWT-EventQueue-0:10734 ] - [ DEBUG ]  paint car annotation
2017-06-18 20:21:01  [ AWT-EventQueue-0:10735 ] - [ DEBUG ]  paint car annotation
2017-06-18 20:21:01  [ AWT-EventQueue-0:10735 ] - [ DEBUG ]  paint car annotation
2017-06-18 20:21:01  [ AWT-EventQueue-0:10736 ] - [ DEBUG ]  paint car annotation
2017-06-18 20:21:01  [ AWT-EventQueue-0:10738 ] - [ DEBUG ]  paint car annotation
2017-06-18 20:21:01  [ AWT-EventQueue-0:10749 ] - [ DEBUG ]  paint car annotation
2017-06-18 20:21:01  [ AWT-EventQueue-0:10750 ] - [ DEBUG ]  paint car annotation
2017-06-18 20:21:01  [ AWT-EventQueue-0:10751 ] - [ DEBUG ]  paint car annotation
2017-06-18 20:21:01  [ AWT-EventQueue-0:10752 ] - [ DEBUG ]  paint car annotation
2017-06-18 20:21:01  [ AWT-EventQueue-0:10753 ] - [ DEBUG ]  paint car annotation
2017-06-18 20:21:01  [ AWT-EventQueue-0:10765 ] - [ DEBUG ]  paint car annotation
2017-06-18 20:21:01  [ AWT-EventQueue-0:10766 ] - [ DEBUG ]  paint car annotation
2017-06-18 20:21:01  [ AWT-EventQueue-0:10767 ] - [ DEBUG ]  paint car annotation
2017-06-18 20:21:01  [ AWT-EventQueue-0:10768 ] - [ DEBUG ]  paint car annotation
2017-06-18 20:21:01  [ AWT-EventQueue-0:10768 ] - [ DEBUG ]  paint car annotation
2017-06-18 20:21:02  [ AWT-EventQueue-0:10881 ] - [ DEBUG ]  paint car annotation
2017-06-18 20:21:02  [ AWT-EventQueue-0:10882 ] - [ DEBUG ]  paint car annotation
2017-06-18 20:21:02  [ AWT-EventQueue-0:10883 ] - [ DEBUG ]  paint car annotation
2017-06-18 20:21:02  [ AWT-EventQueue-0:10883 ] - [ DEBUG ]  paint car annotation
2017-06-18 20:21:02  [ AWT-EventQueue-0:10884 ] - [ DEBUG ]  paint car annotation
2017-06-18 20:21:02  [ AWT-EventQueue-0:10907 ] - [ DEBUG ]  paint car annotation
2017-06-18 20:21:02  [ AWT-EventQueue-0:10908 ] - [ DEBUG ]  paint car annotation
2017-06-18 20:21:02  [ AWT-EventQueue-0:10909 ] - [ DEBUG ]  paint car annotation
2017-06-18 20:21:02  [ AWT-EventQueue-0:10910 ] - [ DEBUG ]  paint car annotation
2017-06-18 20:21:02  [ AWT-EventQueue-0:10910 ] - [ DEBUG ]  paint car annotation
2017-06-18 20:21:02  [ AWT-EventQueue-0:10919 ] - [ DEBUG ]  paint car annotation
2017-06-18 20:21:02  [ AWT-EventQueue-0:10921 ] - [ DEBUG ]  paint car annotation
2017-06-18 20:21:02  [ AWT-EventQueue-0:10922 ] - [ DEBUG ]  paint car annotation
2017-06-18 20:21:02  [ AWT-EventQueue-0:10925 ] - [ DEBUG ]  paint car annotation
2017-06-18 20:21:02  [ AWT-EventQueue-0:10925 ] - [ DEBUG ]  paint car annotation
2017-06-18 20:21:02  [ AWT-EventQueue-0:10935 ] - [ DEBUG ]  paint car annotation
2017-06-18 20:21:02  [ AWT-EventQueue-0:10936 ] - [ DEBUG ]  paint car annotation
2017-06-18 20:21:02  [ AWT-EventQueue-0:10937 ] - [ DEBUG ]  paint car annotation
2017-06-18 20:21:02  [ AWT-EventQueue-0:10939 ] - [ DEBUG ]  paint car annotation
2017-06-18 20:21:02  [ Thread-4:10940 ] - [ DEBUG ]  show image 5
2017-06-18 20:21:02  [ AWT-EventQueue-0:10941 ] - [ DEBUG ]  paint car annotation
2017-06-18 20:21:02  [ Thread-4:11462 ] - [ DEBUG ]  show image 6
2017-06-18 20:21:03  [ AWT-EventQueue-0:11805 ] - [ DEBUG ]  set stop true
2017-06-18 20:21:04  [ AWT-EventQueue-0:12997 ] - [ DEBUG ]  press review button
2017-06-18 20:21:04  [ Thread-4:12997 ] - [ DEBUG ]  show image 1
2017-06-18 20:21:04  [ Thread-4:13498 ] - [ DEBUG ]  show image 2
2017-06-18 20:21:05  [ Thread-4:13998 ] - [ DEBUG ]  show image 3
2017-06-18 20:21:05  [ Thread-4:14503 ] - [ DEBUG ]  show image 4
2017-06-18 20:21:05  [ AWT-EventQueue-0:14518 ] - [ DEBUG ]  paint car annotation
2017-06-18 20:21:05  [ AWT-EventQueue-0:14518 ] - [ DEBUG ]  paint car annotation
2017-06-18 20:21:05  [ AWT-EventQueue-0:14518 ] - [ DEBUG ]  paint car annotation
2017-06-18 20:21:05  [ AWT-EventQueue-0:14518 ] - [ DEBUG ]  paint car annotation
2017-06-18 20:21:05  [ AWT-EventQueue-0:14518 ] - [ DEBUG ]  paint car annotation
2017-06-18 20:21:06  [ Thread-4:15004 ] - [ DEBUG ]  show image 5
2017-06-18 20:21:06  [ Thread-4:15505 ] - [ DEBUG ]  show image 6
2017-06-18 20:21:07  [ Thread-4:16006 ] - [ DEBUG ]  show image 7
2017-06-18 20:21:07  [ Thread-4:16508 ] - [ DEBUG ]  show image 8
2017-06-18 20:21:08  [ Thread-4:17008 ] - [ DEBUG ]  show image 9
2017-06-18 20:21:08  [ Thread-4:17508 ] - [ DEBUG ]  show image 10
2017-06-18 20:21:08  [ AWT-EventQueue-0:17524 ] - [ DEBUG ]  paint car annotation
2017-06-18 20:21:09  [ Thread-4:18009 ] - [ DEBUG ]  show image 11
2017-06-18 20:21:09  [ Thread-4:18510 ] - [ DEBUG ]  show image 12
2017-06-18 20:21:10  [ Thread-4:19011 ] - [ DEBUG ]  show image 13
2017-06-18 20:21:10  [ Thread-4:19511 ] - [ DEBUG ]  show image 14
2017-06-18 20:21:11  [ Thread-4:20012 ] - [ DEBUG ]  show image 15
2017-06-18 20:21:11  [ Thread-4:20512 ] - [ DEBUG ]  show image 16
2017-06-18 20:21:12  [ Thread-4:21013 ] - [ DEBUG ]  show image 17
2017-06-18 20:21:12  [ Thread-4:21513 ] - [ DEBUG ]  show image 18
2017-06-18 20:21:12  [ AWT-EventQueue-0:21698 ] - [ DEBUG ]  set stop true
2017-06-18 20:21:14  [ AWT-EventQueue-0:23315 ] - [ DEBUG ]  press previouse button
2017-06-18 20:21:15  [ AWT-EventQueue-0:23795 ] - [ DEBUG ]  press previouse button
2017-06-18 20:21:15  [ AWT-EventQueue-0:24770 ] - [ DEBUG ]  press previouse button
2017-06-18 20:21:17  [ Thread-4:26636 ] - [ DEBUG ]  show image 16
2017-06-18 20:21:18  [ Thread-4:27143 ] - [ DEBUG ]  show image 17
2017-06-18 20:21:18  [ Thread-4:27644 ] - [ DEBUG ]  show image 18
2017-06-18 20:21:19  [ Thread-4:28153 ] - [ DEBUG ]  show image 19
2017-06-18 20:21:19  [ Thread-4:28654 ] - [ DEBUG ]  show image 20
2017-06-18 20:21:20  [ Thread-4:29155 ] - [ DEBUG ]  show image 21
2017-06-18 20:21:20  [ Thread-4:29656 ] - [ DEBUG ]  show image 22
2017-06-18 20:21:21  [ Thread-4:30156 ] - [ DEBUG ]  show image 23
2017-06-18 20:21:21  [ Thread-4:30656 ] - [ DEBUG ]  show image 24
2017-06-18 20:21:22  [ Thread-4:31171 ] - [ DEBUG ]  show image 25
2017-06-18 20:21:22  [ Thread-4:31673 ] - [ DEBUG ]  show image 26
2017-06-18 20:21:23  [ Thread-4:32174 ] - [ DEBUG ]  show image 27
2017-06-18 20:21:23  [ Thread-4:32696 ] - [ DEBUG ]  show image 28
2017-06-18 20:21:24  [ Thread-4:33196 ] - [ DEBUG ]  show image 29
2017-06-18 20:21:24  [ Thread-4:33697 ] - [ DEBUG ]  show image 30
2017-06-18 20:21:25  [ Thread-4:34198 ] - [ DEBUG ]  show image 31
2017-06-18 20:21:25  [ Thread-4:34698 ] - [ DEBUG ]  show image 32
2017-06-18 20:21:26  [ Thread-4:35199 ] - [ DEBUG ]  show image 33
2017-06-18 20:21:26  [ Thread-4:35700 ] - [ DEBUG ]  show image 34
2017-06-18 20:21:27  [ Thread-4:36202 ] - [ DEBUG ]  show image 35
2017-06-18 20:21:27  [ Thread-4:36703 ] - [ DEBUG ]  show image 36
2017-06-18 20:21:28  [ Thread-4:37203 ] - [ DEBUG ]  show image 37
2017-06-18 20:21:28  [ Thread-4:37704 ] - [ DEBUG ]  show image 38
2017-06-18 20:21:29  [ Thread-4:38204 ] - [ DEBUG ]  show image 39
2017-06-18 20:21:29  [ Thread-4:38705 ] - [ DEBUG ]  show image 40
2017-06-18 20:21:30  [ Thread-4:39221 ] - [ DEBUG ]  show image 41
2017-06-18 20:21:30  [ Thread-4:39721 ] - [ DEBUG ]  show image 42
2017-06-18 20:21:31  [ Thread-4:40222 ] - [ DEBUG ]  show image 43
2017-06-18 20:21:31  [ Thread-4:40723 ] - [ DEBUG ]  show image 44
2017-06-18 20:21:32  [ Thread-4:41223 ] - [ DEBUG ]  show image 45
2017-06-18 20:21:32  [ Thread-4:41724 ] - [ DEBUG ]  show image 46
2017-06-18 20:21:33  [ Thread-4:42225 ] - [ DEBUG ]  show image 47
2017-06-18 20:21:33  [ Thread-4:42725 ] - [ DEBUG ]  show image 48
2017-06-18 20:21:34  [ Thread-4:43226 ] - [ DEBUG ]  show image 49
2017-06-18 20:21:34  [ Thread-4:43727 ] - [ DEBUG ]  show image 50
2017-06-18 20:21:35  [ Thread-4:44227 ] - [ DEBUG ]  show image 51
2017-06-18 20:21:35  [ Thread-4:44729 ] - [ DEBUG ]  show image 52
2017-06-18 20:21:36  [ Thread-4:45245 ] - [ DEBUG ]  show image 53
2017-06-18 20:21:36  [ Thread-4:45746 ] - [ DEBUG ]  show image 54
2017-06-18 20:21:37  [ Thread-4:46247 ] - [ DEBUG ]  show image 55
2017-06-18 20:21:37  [ Thread-4:46747 ] - [ DEBUG ]  show image 56
2017-06-18 20:21:38  [ Thread-4:47247 ] - [ DEBUG ]  show image 57
2017-06-18 20:21:38  [ Thread-4:47747 ] - [ DEBUG ]  show image 58
2017-06-18 20:21:39  [ Thread-4:48250 ] - [ DEBUG ]  show image 59
2017-06-18 20:21:39  [ Thread-4:48750 ] - [ DEBUG ]  show image 60
2017-06-18 20:21:40  [ Thread-4:49252 ] - [ DEBUG ]  show image 61
2017-06-18 20:21:40  [ Thread-4:49752 ] - [ DEBUG ]  show image 62
2017-06-18 20:21:41  [ Thread-4:50256 ] - [ DEBUG ]  show image 63
2017-06-18 20:21:41  [ Thread-4:50757 ] - [ DEBUG ]  show image 64
2017-06-18 20:21:42  [ Thread-4:51271 ] - [ DEBUG ]  show image 65
2017-06-18 20:21:42  [ Thread-4:51771 ] - [ DEBUG ]  show image 66
2017-06-18 20:21:43  [ Thread-4:52287 ] - [ DEBUG ]  show image 67
2017-06-18 20:21:44  [ Thread-4:52788 ] - [ DEBUG ]  show image 68
2017-06-18 20:21:44  [ Thread-4:53288 ] - [ DEBUG ]  show image 69
2017-06-18 20:21:45  [ Thread-4:53795 ] - [ DEBUG ]  show image 70
2017-06-18 20:21:45  [ Thread-4:54308 ] - [ DEBUG ]  show image 71
2017-06-18 20:21:46  [ Thread-4:54831 ] - [ DEBUG ]  show image 72
2017-06-18 20:21:49  [ AWT-EventQueue-0:58700 ] - [ DEBUG ]  press review button
2017-06-18 20:21:49  [ Thread-5:58701 ] - [ DEBUG ]  show image 0
2017-06-18 20:21:49  [ AWT-EventQueue-0:58707 ] - [ DEBUG ]  paint car annotation
2017-06-18 20:21:49  [ AWT-EventQueue-0:58708 ] - [ DEBUG ]  paint car annotation
2017-06-18 20:21:49  [ AWT-EventQueue-0:58708 ] - [ DEBUG ]  paint car annotation
2017-06-18 20:21:49  [ AWT-EventQueue-0:58709 ] - [ DEBUG ]  paint car annotation
2017-06-18 20:21:49  [ AWT-EventQueue-0:58709 ] - [ DEBUG ]  paint car annotation
2017-06-18 20:21:50  [ Thread-5:59202 ] - [ DEBUG ]  show image 1
2017-06-18 20:21:50  [ Thread-5:59703 ] - [ DEBUG ]  show image 2
2017-06-18 20:21:51  [ Thread-5:60206 ] - [ DEBUG ]  show image 3
2017-06-18 20:21:51  [ Thread-5:60706 ] - [ DEBUG ]  show image 4
2017-06-18 20:21:51  [ AWT-EventQueue-0:60711 ] - [ DEBUG ]  paint car annotation
2017-06-18 20:21:51  [ AWT-EventQueue-0:60711 ] - [ DEBUG ]  paint car annotation
2017-06-18 20:21:51  [ AWT-EventQueue-0:60712 ] - [ DEBUG ]  paint car annotation
2017-06-18 20:21:51  [ AWT-EventQueue-0:60712 ] - [ DEBUG ]  paint car annotation
2017-06-18 20:21:51  [ AWT-EventQueue-0:60713 ] - [ DEBUG ]  paint car annotation
2017-06-18 20:21:52  [ Thread-5:61207 ] - [ DEBUG ]  show image 5
2017-06-18 20:21:52  [ Thread-5:61707 ] - [ DEBUG ]  show image 6
2017-06-18 20:21:53  [ Thread-5:62220 ] - [ DEBUG ]  show image 7
2017-06-18 20:21:53  [ Thread-5:62747 ] - [ DEBUG ]  show image 8
2017-06-18 20:21:54  [ Thread-5:63248 ] - [ DEBUG ]  show image 9
2017-06-18 20:21:54  [ Thread-5:63748 ] - [ DEBUG ]  show image 10
2017-06-18 20:21:54  [ AWT-EventQueue-0:63761 ] - [ DEBUG ]  paint car annotation
2017-06-18 20:21:55  [ Thread-5:64249 ] - [ DEBUG ]  show image 11
2017-06-18 20:21:55  [ Thread-5:64749 ] - [ DEBUG ]  show image 12
2017-06-18 20:21:56  [ Thread-5:65259 ] - [ DEBUG ]  show image 13
2017-06-18 20:21:56  [ Thread-5:65759 ] - [ DEBUG ]  show image 14
2017-06-18 20:21:57  [ Thread-5:66262 ] - [ DEBUG ]  show image 15
2017-06-18 20:21:57  [ Thread-5:66763 ] - [ DEBUG ]  show image 16
2017-06-18 20:21:58  [ AWT-EventQueue-0:67010 ] - [ DEBUG ]  set stop true
