2017-06-17 20:47:18  [ AWT-EventQueue-0:0 ] - [ DEBUG ]  mouse pressed at: java.awt.Point[x=0,y=0]
2017-06-17 20:47:18  [ AWT-EventQueue-0:3 ] - [ DEBUG ]  label car tail and side 1
2017-06-17 20:47:18  [ AWT-EventQueue-0:4 ] - [ DEBUG ]  car_tail_side 0 0 0 0 0 0 0 0 0 0 0 0

2017-06-17 20:47:18  [ AWT-EventQueue-0:17 ] - [ DEBUG ]  paint car annotation
2017-06-17 20:47:18  [ AWT-EventQueue-0:59 ] - [ DEBUG ]  car label p2
2017-06-17 20:47:18  [ AWT-EventQueue-0:64 ] - [ DEBUG ]  paint car annotation
2017-06-17 20:47:18  [ AWT-EventQueue-0:123 ] - [ DEBUG ]  mouse pressed at: java.awt.Point[x=0,y=0]
2017-06-17 20:47:18  [ AWT-EventQueue-0:125 ] - [ DEBUG ]  label car tail and side 2
2017-06-17 20:47:18  [ AWT-EventQueue-0:129 ] - [ DEBUG ]  paint car annotation
2017-06-17 20:47:18  [ AWT-EventQueue-0:235 ] - [ DEBUG ]  paint car annotation
2017-06-17 20:47:19  [ AWT-EventQueue-0:788 ] - [ DEBUG ]  paint car annotation
2017-06-17 20:47:19  [ AWT-EventQueue-0:797 ] - [ DEBUG ]  paint car annotation
2017-06-17 20:47:19  [ AWT-EventQueue-0:804 ] - [ DEBUG ]  paint car annotation
2017-06-17 20:47:19  [ AWT-EventQueue-0:812 ] - [ DEBUG ]  paint car annotation
2017-06-17 20:47:19  [ AWT-EventQueue-0:820 ] - [ DEBUG ]  paint car annotation
2017-06-17 20:47:19  [ AWT-EventQueue-0:830 ] - [ DEBUG ]  paint car annotation
2017-06-17 20:47:19  [ AWT-EventQueue-0:837 ] - [ DEBUG ]  paint car annotation
2017-06-17 20:47:19  [ AWT-EventQueue-0:847 ] - [ DEBUG ]  paint car annotation
2017-06-17 20:47:19  [ AWT-EventQueue-0:852 ] - [ DEBUG ]  paint car annotation
2017-06-17 20:47:19  [ AWT-EventQueue-0:948 ] - [ DEBUG ]  paint car annotation
2017-06-17 20:47:19  [ AWT-EventQueue-0:957 ] - [ DEBUG ]  paint car annotation
2017-06-17 20:47:19  [ AWT-EventQueue-0:963 ] - [ DEBUG ]  paint car annotation
2017-06-17 20:47:19  [ AWT-EventQueue-0:972 ] - [ DEBUG ]  paint car annotation
2017-06-17 20:47:19  [ AWT-EventQueue-0:980 ] - [ DEBUG ]  paint car annotation
2017-06-17 20:47:19  [ AWT-EventQueue-0:988 ] - [ DEBUG ]  paint car annotation
2017-06-17 20:47:19  [ AWT-EventQueue-0:996 ] - [ DEBUG ]  paint car annotation
2017-06-17 20:47:19  [ AWT-EventQueue-0:1004 ] - [ DEBUG ]  paint car annotation
2017-06-17 20:47:19  [ AWT-EventQueue-0:1014 ] - [ DEBUG ]  paint car annotation
2017-06-17 20:47:19  [ AWT-EventQueue-0:1020 ] - [ DEBUG ]  paint car annotation
2017-06-17 20:47:19  [ AWT-EventQueue-0:1030 ] - [ DEBUG ]  paint car annotation
2017-06-17 20:47:19  [ AWT-EventQueue-0:1036 ] - [ DEBUG ]  paint car annotation
2017-06-17 20:47:19  [ AWT-EventQueue-0:1044 ] - [ DEBUG ]  paint car annotation
2017-06-17 20:47:19  [ AWT-EventQueue-0:1053 ] - [ DEBUG ]  paint car annotation
2017-06-17 20:47:19  [ AWT-EventQueue-0:1060 ] - [ DEBUG ]  paint car annotation
2017-06-17 20:47:19  [ AWT-EventQueue-0:1068 ] - [ DEBUG ]  paint car annotation
2017-06-17 20:47:19  [ AWT-EventQueue-0:1093 ] - [ DEBUG ]  paint car annotation
2017-06-17 20:47:19  [ AWT-EventQueue-0:1109 ] - [ DEBUG ]  paint car annotation
2017-06-17 20:47:19  [ AWT-EventQueue-0:1116 ] - [ DEBUG ]  paint car annotation
2017-06-17 20:47:19  [ AWT-EventQueue-0:1132 ] - [ DEBUG ]  paint car annotation
2017-06-17 20:47:19  [ AWT-EventQueue-0:1142 ] - [ DEBUG ]  paint car annotation
2017-06-17 20:47:19  [ AWT-EventQueue-0:1148 ] - [ DEBUG ]  paint car annotation
2017-06-17 20:47:19  [ AWT-EventQueue-0:1156 ] - [ DEBUG ]  paint car annotation
2017-06-17 20:47:19  [ AWT-EventQueue-0:1163 ] - [ DEBUG ]  paint car annotation
2017-06-17 20:47:19  [ AWT-EventQueue-0:1172 ] - [ DEBUG ]  paint car annotation
2017-06-17 20:47:19  [ AWT-EventQueue-0:1180 ] - [ DEBUG ]  paint car annotation
2017-06-17 20:47:19  [ AWT-EventQueue-0:1188 ] - [ DEBUG ]  paint car annotation
2017-06-17 20:47:19  [ AWT-EventQueue-0:1196 ] - [ DEBUG ]  paint car annotation
2017-06-17 20:47:19  [ AWT-EventQueue-0:1204 ] - [ DEBUG ]  paint car annotation
2017-06-17 20:47:19  [ AWT-EventQueue-0:1214 ] - [ DEBUG ]  paint car annotation
2017-06-17 20:47:19  [ AWT-EventQueue-0:1220 ] - [ DEBUG ]  paint car annotation
2017-06-17 20:47:19  [ AWT-EventQueue-0:1228 ] - [ DEBUG ]  paint car annotation
2017-06-17 20:47:19  [ AWT-EventQueue-0:1235 ] - [ DEBUG ]  paint car annotation
2017-06-17 20:47:19  [ AWT-EventQueue-0:1244 ] - [ DEBUG ]  paint car annotation
2017-06-17 20:47:19  [ AWT-EventQueue-0:1252 ] - [ DEBUG ]  paint car annotation
2017-06-17 20:47:19  [ AWT-EventQueue-0:1261 ] - [ DEBUG ]  paint car annotation
2017-06-17 20:47:19  [ AWT-EventQueue-0:1268 ] - [ DEBUG ]  paint car annotation
2017-06-17 20:47:19  [ AWT-EventQueue-0:1277 ] - [ DEBUG ]  paint car annotation
2017-06-17 20:47:19  [ AWT-EventQueue-0:1284 ] - [ DEBUG ]  paint car annotation
2017-06-17 20:47:19  [ AWT-EventQueue-0:1293 ] - [ DEBUG ]  paint car annotation
2017-06-17 20:47:19  [ AWT-EventQueue-0:1300 ] - [ DEBUG ]  paint car annotation
2017-06-17 20:47:19  [ AWT-EventQueue-0:1311 ] - [ DEBUG ]  paint car annotation
2017-06-17 20:47:19  [ AWT-EventQueue-0:1316 ] - [ DEBUG ]  paint car annotation
2017-06-17 20:47:19  [ AWT-EventQueue-0:1327 ] - [ DEBUG ]  paint car annotation
2017-06-17 20:47:19  [ AWT-EventQueue-0:1332 ] - [ DEBUG ]  paint car annotation
2017-06-17 20:47:19  [ AWT-EventQueue-0:1342 ] - [ DEBUG ]  paint car annotation
2017-06-17 20:47:19  [ AWT-EventQueue-0:1357 ] - [ DEBUG ]  paint car annotation
2017-06-17 20:47:19  [ AWT-EventQueue-0:1363 ] - [ DEBUG ]  paint car annotation
2017-06-17 20:47:19  [ AWT-EventQueue-0:1372 ] - [ DEBUG ]  paint car annotation
2017-06-17 20:47:19  [ AWT-EventQueue-0:1380 ] - [ DEBUG ]  paint car annotation
2017-06-17 20:47:19  [ AWT-EventQueue-0:1388 ] - [ DEBUG ]  paint car annotation
2017-06-17 20:47:19  [ AWT-EventQueue-0:1396 ] - [ DEBUG ]  paint car annotation
2017-06-17 20:47:19  [ AWT-EventQueue-0:1404 ] - [ DEBUG ]  paint car annotation
2017-06-17 20:47:19  [ AWT-EventQueue-0:1413 ] - [ DEBUG ]  paint car annotation
2017-06-17 20:47:19  [ AWT-EventQueue-0:1420 ] - [ DEBUG ]  paint car annotation
2017-06-17 20:47:19  [ AWT-EventQueue-0:1430 ] - [ DEBUG ]  paint car annotation
2017-06-17 20:47:19  [ AWT-EventQueue-0:1436 ] - [ DEBUG ]  paint car annotation
2017-06-17 20:47:19  [ AWT-EventQueue-0:1444 ] - [ DEBUG ]  paint car annotation
2017-06-17 20:47:19  [ AWT-EventQueue-0:1452 ] - [ DEBUG ]  paint car annotation
2017-06-17 20:47:19  [ AWT-EventQueue-0:1462 ] - [ DEBUG ]  paint car annotation
2017-06-17 20:47:19  [ AWT-EventQueue-0:1468 ] - [ DEBUG ]  paint car annotation
2017-06-17 20:47:19  [ AWT-EventQueue-0:1478 ] - [ DEBUG ]  paint car annotation
2017-06-17 20:47:19  [ AWT-EventQueue-0:1483 ] - [ DEBUG ]  paint car annotation
2017-06-17 20:47:19  [ AWT-EventQueue-0:1494 ] - [ DEBUG ]  paint car annotation
2017-06-17 20:47:19  [ AWT-EventQueue-0:1500 ] - [ DEBUG ]  paint car annotation
2017-06-17 20:47:19  [ AWT-EventQueue-0:1511 ] - [ DEBUG ]  paint car annotation
2017-06-17 20:47:19  [ AWT-EventQueue-0:1516 ] - [ DEBUG ]  paint car annotation
2017-06-17 20:47:19  [ AWT-EventQueue-0:1526 ] - [ DEBUG ]  paint car annotation
2017-06-17 20:47:19  [ AWT-EventQueue-0:1532 ] - [ DEBUG ]  paint car annotation
2017-06-17 20:47:19  [ AWT-EventQueue-0:1542 ] - [ DEBUG ]  paint car annotation
2017-06-17 20:47:19  [ AWT-EventQueue-0:1548 ] - [ DEBUG ]  paint car annotation
2017-06-17 20:47:19  [ AWT-EventQueue-0:1564 ] - [ DEBUG ]  paint car annotation
2017-06-17 20:47:20  [ AWT-EventQueue-0:1580 ] - [ DEBUG ]  paint car annotation
2017-06-17 20:47:20  [ AWT-EventQueue-0:1588 ] - [ DEBUG ]  paint car annotation
2017-06-17 20:47:20  [ AWT-EventQueue-0:1604 ] - [ DEBUG ]  paint car annotation
2017-06-17 20:47:20  [ AWT-EventQueue-0:1612 ] - [ DEBUG ]  paint car annotation
2017-06-17 20:47:20  [ AWT-EventQueue-0:1618 ] - [ DEBUG ]  paint car annotation
2017-06-17 20:47:20  [ AWT-EventQueue-0:1623 ] - [ DEBUG ]  paint car annotation
2017-06-17 20:47:20  [ AWT-EventQueue-0:1629 ] - [ DEBUG ]  paint car annotation
2017-06-17 20:47:20  [ AWT-EventQueue-0:1636 ] - [ DEBUG ]  paint car annotation
2017-06-17 20:47:20  [ AWT-EventQueue-0:1645 ] - [ DEBUG ]  paint car annotation
2017-06-17 20:47:20  [ AWT-EventQueue-0:1652 ] - [ DEBUG ]  paint car annotation
2017-06-17 20:47:20  [ AWT-EventQueue-0:1661 ] - [ DEBUG ]  paint car annotation
2017-06-17 20:47:20  [ AWT-EventQueue-0:1667 ] - [ DEBUG ]  paint car annotation
2017-06-17 20:47:20  [ AWT-EventQueue-0:1677 ] - [ DEBUG ]  paint car annotation
2017-06-17 20:47:20  [ AWT-EventQueue-0:1684 ] - [ DEBUG ]  paint car annotation
2017-06-17 20:47:20  [ AWT-EventQueue-0:1694 ] - [ DEBUG ]  paint car annotation
2017-06-17 20:47:20  [ AWT-EventQueue-0:1700 ] - [ DEBUG ]  paint car annotation
2017-06-17 20:47:20  [ AWT-EventQueue-0:1711 ] - [ DEBUG ]  paint car annotation
2017-06-17 20:47:20  [ AWT-EventQueue-0:1716 ] - [ DEBUG ]  paint car annotation
2017-06-17 20:47:20  [ AWT-EventQueue-0:1725 ] - [ DEBUG ]  paint car annotation
2017-06-17 20:47:20  [ AWT-EventQueue-0:1732 ] - [ DEBUG ]  paint car annotation
2017-06-17 20:47:20  [ AWT-EventQueue-0:1740 ] - [ DEBUG ]  paint car annotation
2017-06-17 20:47:20  [ AWT-EventQueue-0:1749 ] - [ DEBUG ]  paint car annotation
2017-06-17 20:47:20  [ AWT-EventQueue-0:1756 ] - [ DEBUG ]  paint car annotation
2017-06-17 20:47:20  [ AWT-EventQueue-0:1764 ] - [ DEBUG ]  paint car annotation
2017-06-17 20:47:20  [ AWT-EventQueue-0:1771 ] - [ DEBUG ]  paint car annotation
2017-06-17 20:47:20  [ AWT-EventQueue-0:1782 ] - [ DEBUG ]  paint car annotation
2017-06-17 20:47:20  [ AWT-EventQueue-0:1788 ] - [ DEBUG ]  paint car annotation
2017-06-17 20:47:20  [ AWT-EventQueue-0:1796 ] - [ DEBUG ]  paint car annotation
2017-06-17 20:47:20  [ AWT-EventQueue-0:1804 ] - [ DEBUG ]  paint car annotation
2017-06-17 20:47:20  [ AWT-EventQueue-0:1813 ] - [ DEBUG ]  paint car annotation
2017-06-17 20:47:20  [ AWT-EventQueue-0:1820 ] - [ DEBUG ]  paint car annotation
2017-06-17 20:47:20  [ AWT-EventQueue-0:1830 ] - [ DEBUG ]  paint car annotation
2017-06-17 20:47:20  [ AWT-EventQueue-0:1836 ] - [ DEBUG ]  paint car annotation
2017-06-17 20:47:20  [ AWT-EventQueue-0:1844 ] - [ DEBUG ]  paint car annotation
2017-06-17 20:47:20  [ AWT-EventQueue-0:1852 ] - [ DEBUG ]  paint car annotation
2017-06-17 20:47:20  [ AWT-EventQueue-0:1863 ] - [ DEBUG ]  paint car annotation
2017-06-17 20:47:20  [ AWT-EventQueue-0:1868 ] - [ DEBUG ]  paint car annotation
2017-06-17 20:47:20  [ AWT-EventQueue-0:1879 ] - [ DEBUG ]  paint car annotation
2017-06-17 20:47:20  [ AWT-EventQueue-0:1885 ] - [ DEBUG ]  paint car annotation
2017-06-17 20:47:20  [ AWT-EventQueue-0:1895 ] - [ DEBUG ]  paint car annotation
2017-06-17 20:47:20  [ AWT-EventQueue-0:1900 ] - [ DEBUG ]  paint car annotation
2017-06-17 20:47:20  [ AWT-EventQueue-0:1912 ] - [ DEBUG ]  paint car annotation
2017-06-17 20:47:20  [ AWT-EventQueue-0:1917 ] - [ DEBUG ]  paint car annotation
2017-06-17 20:47:20  [ AWT-EventQueue-0:1927 ] - [ DEBUG ]  paint car annotation
2017-06-17 20:47:20  [ AWT-EventQueue-0:1932 ] - [ DEBUG ]  paint car annotation
2017-06-17 20:47:20  [ AWT-EventQueue-0:1940 ] - [ DEBUG ]  paint car annotation
2017-06-17 20:47:20  [ AWT-EventQueue-0:1947 ] - [ DEBUG ]  paint car annotation
2017-06-17 20:47:20  [ AWT-EventQueue-0:1956 ] - [ DEBUG ]  paint car annotation
2017-06-17 20:47:20  [ AWT-EventQueue-0:1964 ] - [ DEBUG ]  paint car annotation
2017-06-17 20:47:20  [ AWT-EventQueue-0:1972 ] - [ DEBUG ]  paint car annotation
2017-06-17 20:47:20  [ AWT-EventQueue-0:2084 ] - [ DEBUG ]  paint car annotation
2017-06-17 20:47:20  [ AWT-EventQueue-0:2092 ] - [ DEBUG ]  paint car annotation
2017-06-17 20:47:20  [ AWT-EventQueue-0:2099 ] - [ DEBUG ]  paint car annotation
2017-06-17 20:47:20  [ AWT-EventQueue-0:2110 ] - [ DEBUG ]  paint car annotation
2017-06-17 20:47:20  [ AWT-EventQueue-0:2116 ] - [ DEBUG ]  paint car annotation
2017-06-17 20:47:20  [ AWT-EventQueue-0:2125 ] - [ DEBUG ]  paint car annotation
2017-06-17 20:47:20  [ AWT-EventQueue-0:2132 ] - [ DEBUG ]  paint car annotation
2017-06-17 20:47:20  [ AWT-EventQueue-0:2139 ] - [ DEBUG ]  paint car annotation
2017-06-17 20:47:20  [ AWT-EventQueue-0:2148 ] - [ DEBUG ]  paint car annotation
2017-06-17 20:47:20  [ AWT-EventQueue-0:2155 ] - [ DEBUG ]  paint car annotation
2017-06-17 20:47:20  [ AWT-EventQueue-0:2164 ] - [ DEBUG ]  paint car annotation
2017-06-17 20:47:20  [ AWT-EventQueue-0:2172 ] - [ DEBUG ]  paint car annotation
2017-06-17 20:47:20  [ AWT-EventQueue-0:2181 ] - [ DEBUG ]  paint car annotation
2017-06-17 20:47:20  [ AWT-EventQueue-0:2188 ] - [ DEBUG ]  paint car annotation
2017-06-17 20:47:20  [ AWT-EventQueue-0:2197 ] - [ DEBUG ]  paint car annotation
2017-06-17 20:47:20  [ AWT-EventQueue-0:2204 ] - [ DEBUG ]  paint car annotation
2017-06-17 20:47:20  [ AWT-EventQueue-0:2214 ] - [ DEBUG ]  paint car annotation
2017-06-17 20:47:20  [ AWT-EventQueue-0:2220 ] - [ DEBUG ]  paint car annotation
2017-06-17 20:47:20  [ AWT-EventQueue-0:2230 ] - [ DEBUG ]  paint car annotation
2017-06-17 20:47:20  [ AWT-EventQueue-0:2236 ] - [ DEBUG ]  paint car annotation
2017-06-17 20:47:20  [ AWT-EventQueue-0:2246 ] - [ DEBUG ]  paint car annotation
2017-06-17 20:47:20  [ AWT-EventQueue-0:2252 ] - [ DEBUG ]  paint car annotation
2017-06-17 20:47:20  [ AWT-EventQueue-0:2262 ] - [ DEBUG ]  paint car annotation
2017-06-17 20:47:20  [ AWT-EventQueue-0:2268 ] - [ DEBUG ]  paint car annotation
2017-06-17 20:47:20  [ AWT-EventQueue-0:2278 ] - [ DEBUG ]  paint car annotation
2017-06-17 20:47:20  [ AWT-EventQueue-0:2285 ] - [ DEBUG ]  paint car annotation
2017-06-17 20:47:20  [ AWT-EventQueue-0:2295 ] - [ DEBUG ]  paint car annotation
2017-06-17 20:47:20  [ AWT-EventQueue-0:2300 ] - [ DEBUG ]  paint car annotation
2017-06-17 20:47:20  [ AWT-EventQueue-0:2310 ] - [ DEBUG ]  paint car annotation
2017-06-17 20:47:20  [ AWT-EventQueue-0:2316 ] - [ DEBUG ]  paint car annotation
2017-06-17 20:47:20  [ AWT-EventQueue-0:2324 ] - [ DEBUG ]  paint car annotation
2017-06-17 20:47:20  [ AWT-EventQueue-0:2331 ] - [ DEBUG ]  paint car annotation
2017-06-17 20:47:20  [ AWT-EventQueue-0:2340 ] - [ DEBUG ]  paint car annotation
2017-06-17 20:47:20  [ AWT-EventQueue-0:2348 ] - [ DEBUG ]  paint car annotation
2017-06-17 20:47:20  [ AWT-EventQueue-0:2356 ] - [ DEBUG ]  paint car annotation
2017-06-17 20:47:20  [ AWT-EventQueue-0:2364 ] - [ DEBUG ]  paint car annotation
2017-06-17 20:47:20  [ AWT-EventQueue-0:2372 ] - [ DEBUG ]  paint car annotation
2017-06-17 20:47:20  [ AWT-EventQueue-0:2381 ] - [ DEBUG ]  paint car annotation
2017-06-17 20:47:20  [ AWT-EventQueue-0:2387 ] - [ DEBUG ]  paint car annotation
2017-06-17 20:47:20  [ AWT-EventQueue-0:2397 ] - [ DEBUG ]  paint car annotation
2017-06-17 20:47:20  [ AWT-EventQueue-0:2403 ] - [ DEBUG ]  paint car annotation
2017-06-17 20:47:20  [ AWT-EventQueue-0:2413 ] - [ DEBUG ]  paint car annotation
2017-06-17 20:47:20  [ AWT-EventQueue-0:2420 ] - [ DEBUG ]  paint car annotation
2017-06-17 20:47:20  [ AWT-EventQueue-0:2428 ] - [ DEBUG ]  paint car annotation
2017-06-17 20:47:20  [ AWT-EventQueue-0:2435 ] - [ DEBUG ]  paint car annotation
2017-06-17 20:47:20  [ AWT-EventQueue-0:2445 ] - [ DEBUG ]  paint car annotation
2017-06-17 20:47:20  [ AWT-EventQueue-0:2452 ] - [ DEBUG ]  paint car annotation
2017-06-17 20:47:20  [ AWT-EventQueue-0:2462 ] - [ DEBUG ]  paint car annotation
2017-06-17 20:47:20  [ AWT-EventQueue-0:2479 ] - [ DEBUG ]  paint car annotation
2017-06-17 20:47:20  [ AWT-EventQueue-0:2509 ] - [ DEBUG ]  paint car annotation
2017-06-17 20:47:20  [ AWT-EventQueue-0:2517 ] - [ DEBUG ]  paint car annotation
2017-06-17 20:47:20  [ AWT-EventQueue-0:2526 ] - [ DEBUG ]  paint car annotation
2017-06-17 20:47:20  [ AWT-EventQueue-0:2532 ] - [ DEBUG ]  paint car annotation
2017-06-17 20:47:21  [ AWT-EventQueue-0:2652 ] - [ DEBUG ]  paint car annotation
2017-06-17 20:47:21  [ AWT-EventQueue-0:2660 ] - [ DEBUG ]  paint car annotation
2017-06-17 20:47:21  [ AWT-EventQueue-0:2669 ] - [ DEBUG ]  paint car annotation
2017-06-17 20:47:21  [ AWT-EventQueue-0:2678 ] - [ DEBUG ]  paint car annotation
2017-06-17 20:47:21  [ AWT-EventQueue-0:2683 ] - [ DEBUG ]  paint car annotation
2017-06-17 20:47:21  [ AWT-EventQueue-0:2694 ] - [ DEBUG ]  paint car annotation
2017-06-17 20:47:21  [ AWT-EventQueue-0:2700 ] - [ DEBUG ]  paint car annotation
2017-06-17 20:47:21  [ AWT-EventQueue-0:2709 ] - [ DEBUG ]  paint car annotation
2017-06-17 20:47:21  [ AWT-EventQueue-0:2716 ] - [ DEBUG ]  paint car annotation
2017-06-17 20:47:21  [ AWT-EventQueue-0:2772 ] - [ DEBUG ]  paint car annotation
2017-06-17 20:47:21  [ AWT-EventQueue-0:2780 ] - [ DEBUG ]  paint car annotation
2017-06-17 20:47:21  [ AWT-EventQueue-0:2787 ] - [ DEBUG ]  paint car annotation
2017-06-17 20:47:21  [ AWT-EventQueue-0:2796 ] - [ DEBUG ]  paint car annotation
2017-06-17 20:47:21  [ AWT-EventQueue-0:2803 ] - [ DEBUG ]  paint car annotation
2017-06-17 20:47:21  [ AWT-EventQueue-0:2813 ] - [ DEBUG ]  paint car annotation
2017-06-17 20:47:21  [ AWT-EventQueue-0:2835 ] - [ DEBUG ]  paint car annotation
2017-06-17 20:47:21  [ AWT-EventQueue-0:2916 ] - [ DEBUG ]  paint car annotation
2017-06-17 20:47:21  [ AWT-EventQueue-0:2923 ] - [ DEBUG ]  paint car annotation
2017-06-17 20:47:21  [ AWT-EventQueue-0:2948 ] - [ DEBUG ]  paint car annotation
2017-06-17 20:47:21  [ AWT-EventQueue-0:2964 ] - [ DEBUG ]  paint car annotation
2017-06-17 20:47:21  [ AWT-EventQueue-0:2988 ] - [ DEBUG ]  paint car annotation
2017-06-17 20:47:21  [ AWT-EventQueue-0:2996 ] - [ DEBUG ]  paint car annotation
2017-06-17 20:47:21  [ AWT-EventQueue-0:3020 ] - [ DEBUG ]  paint car annotation
2017-06-17 20:47:21  [ AWT-EventQueue-0:3029 ] - [ DEBUG ]  paint car annotation
2017-06-17 20:47:21  [ AWT-EventQueue-0:3052 ] - [ DEBUG ]  paint car annotation
2017-06-17 20:47:21  [ AWT-EventQueue-0:3063 ] - [ DEBUG ]  paint car annotation
2017-06-17 20:47:21  [ AWT-EventQueue-0:3084 ] - [ DEBUG ]  paint car annotation
2017-06-17 20:47:21  [ AWT-EventQueue-0:3540 ] - [ DEBUG ]  paint car annotation
2017-06-17 20:47:22  [ AWT-EventQueue-0:3948 ] - [ DEBUG ]  paint car annotation
2017-06-17 20:47:22  [ AWT-EventQueue-0:3955 ] - [ DEBUG ]  paint car annotation
2017-06-17 20:47:22  [ AWT-EventQueue-0:3965 ] - [ DEBUG ]  paint car annotation
2017-06-17 20:47:22  [ AWT-EventQueue-0:3972 ] - [ DEBUG ]  paint car annotation
2017-06-17 20:47:22  [ AWT-EventQueue-0:3982 ] - [ DEBUG ]  paint car annotation
2017-06-17 20:47:22  [ AWT-EventQueue-0:3989 ] - [ DEBUG ]  paint car annotation
2017-06-17 20:47:22  [ AWT-EventQueue-0:3996 ] - [ DEBUG ]  paint car annotation
2017-06-17 20:47:22  [ AWT-EventQueue-0:4004 ] - [ DEBUG ]  paint car annotation
2017-06-17 20:47:22  [ AWT-EventQueue-0:4014 ] - [ DEBUG ]  paint car annotation
2017-06-17 20:47:22  [ AWT-EventQueue-0:4019 ] - [ DEBUG ]  paint car annotation
2017-06-17 20:47:22  [ AWT-EventQueue-0:4132 ] - [ DEBUG ]  paint car annotation
2017-06-17 20:47:22  [ AWT-EventQueue-0:4139 ] - [ DEBUG ]  paint car annotation
2017-06-17 20:47:22  [ AWT-EventQueue-0:4149 ] - [ DEBUG ]  paint car annotation
2017-06-17 20:47:22  [ AWT-EventQueue-0:4155 ] - [ DEBUG ]  paint car annotation
2017-06-17 20:47:22  [ AWT-EventQueue-0:4165 ] - [ DEBUG ]  paint car annotation
2017-06-17 20:47:22  [ AWT-EventQueue-0:4181 ] - [ DEBUG ]  paint car annotation
2017-06-17 20:47:22  [ AWT-EventQueue-0:4197 ] - [ DEBUG ]  paint car annotation
2017-06-17 20:47:22  [ AWT-EventQueue-0:4220 ] - [ DEBUG ]  paint car annotation
2017-06-17 20:47:22  [ AWT-EventQueue-0:4230 ] - [ DEBUG ]  paint car annotation
2017-06-17 20:47:22  [ AWT-EventQueue-0:4236 ] - [ DEBUG ]  paint car annotation
2017-06-17 20:47:22  [ AWT-EventQueue-0:4246 ] - [ DEBUG ]  paint car annotation
2017-06-17 20:47:22  [ AWT-EventQueue-0:4252 ] - [ DEBUG ]  paint car annotation
2017-06-17 20:47:22  [ AWT-EventQueue-0:4261 ] - [ DEBUG ]  paint car annotation
2017-06-17 20:47:22  [ AWT-EventQueue-0:4268 ] - [ DEBUG ]  paint car annotation
2017-06-17 20:47:22  [ AWT-EventQueue-0:4308 ] - [ DEBUG ]  paint car annotation
2017-06-17 20:47:22  [ AWT-EventQueue-0:4324 ] - [ DEBUG ]  paint car annotation
2017-06-17 20:47:22  [ AWT-EventQueue-0:4348 ] - [ DEBUG ]  paint car annotation
2017-06-17 20:47:22  [ AWT-EventQueue-0:4356 ] - [ DEBUG ]  paint car annotation
2017-06-17 20:47:22  [ AWT-EventQueue-0:4365 ] - [ DEBUG ]  paint car annotation
2017-06-17 20:47:22  [ AWT-EventQueue-0:4372 ] - [ DEBUG ]  paint car annotation
2017-06-17 20:47:22  [ AWT-EventQueue-0:4380 ] - [ DEBUG ]  paint car annotation
2017-06-17 20:47:22  [ AWT-EventQueue-0:4388 ] - [ DEBUG ]  paint car annotation
2017-06-17 20:47:22  [ AWT-EventQueue-0:4397 ] - [ DEBUG ]  paint car annotation
2017-06-17 20:47:22  [ AWT-EventQueue-0:4404 ] - [ DEBUG ]  paint car annotation
2017-06-17 20:47:22  [ AWT-EventQueue-0:4414 ] - [ DEBUG ]  paint car annotation
2017-06-17 20:47:22  [ AWT-EventQueue-0:4420 ] - [ DEBUG ]  paint car annotation
2017-06-17 20:47:22  [ AWT-EventQueue-0:4430 ] - [ DEBUG ]  paint car annotation
2017-06-17 20:47:22  [ AWT-EventQueue-0:4436 ] - [ DEBUG ]  paint car annotation
2017-06-17 20:47:22  [ AWT-EventQueue-0:4446 ] - [ DEBUG ]  paint car annotation
2017-06-17 20:47:22  [ AWT-EventQueue-0:4452 ] - [ DEBUG ]  paint car annotation
2017-06-17 20:47:22  [ AWT-EventQueue-0:4476 ] - [ DEBUG ]  paint car annotation
2017-06-17 20:47:22  [ AWT-EventQueue-0:4484 ] - [ DEBUG ]  paint car annotation
2017-06-17 20:47:22  [ AWT-EventQueue-0:4491 ] - [ DEBUG ]  paint car annotation
2017-06-17 20:47:22  [ AWT-EventQueue-0:4516 ] - [ DEBUG ]  paint car annotation
2017-06-17 20:47:22  [ AWT-EventQueue-0:4532 ] - [ DEBUG ]  paint car annotation
2017-06-17 20:47:22  [ AWT-EventQueue-0:4539 ] - [ DEBUG ]  paint car annotation
2017-06-17 20:47:22  [ AWT-EventQueue-0:4549 ] - [ DEBUG ]  paint car annotation
2017-06-17 20:47:22  [ AWT-EventQueue-0:4556 ] - [ DEBUG ]  paint car annotation
2017-06-17 20:47:22  [ AWT-EventQueue-0:4564 ] - [ DEBUG ]  paint car annotation
2017-06-17 20:47:23  [ AWT-EventQueue-0:4572 ] - [ DEBUG ]  paint car annotation
2017-06-17 20:47:23  [ AWT-EventQueue-0:4581 ] - [ DEBUG ]  paint car annotation
2017-06-17 20:47:23  [ AWT-EventQueue-0:4587 ] - [ DEBUG ]  paint car annotation
2017-06-17 20:47:23  [ AWT-EventQueue-0:4597 ] - [ DEBUG ]  paint car annotation
2017-06-17 20:47:23  [ AWT-EventQueue-0:4604 ] - [ DEBUG ]  paint car annotation
2017-06-17 20:47:23  [ AWT-EventQueue-0:4614 ] - [ DEBUG ]  paint car annotation
2017-06-17 20:47:23  [ AWT-EventQueue-0:4619 ] - [ DEBUG ]  paint car annotation
2017-06-17 20:47:23  [ AWT-EventQueue-0:4630 ] - [ DEBUG ]  paint car annotation
2017-06-17 20:47:23  [ AWT-EventQueue-0:4636 ] - [ DEBUG ]  paint car annotation
2017-06-17 20:47:23  [ AWT-EventQueue-0:4646 ] - [ DEBUG ]  paint car annotation
2017-06-17 20:47:23  [ AWT-EventQueue-0:4652 ] - [ DEBUG ]  paint car annotation
2017-06-17 20:47:23  [ AWT-EventQueue-0:4661 ] - [ DEBUG ]  paint car annotation
2017-06-17 20:47:23  [ AWT-EventQueue-0:4667 ] - [ DEBUG ]  paint car annotation
2017-06-17 20:47:23  [ AWT-EventQueue-0:4676 ] - [ DEBUG ]  paint car annotation
2017-06-17 20:47:23  [ AWT-EventQueue-0:4683 ] - [ DEBUG ]  paint car annotation
2017-06-17 20:47:23  [ AWT-EventQueue-0:4692 ] - [ DEBUG ]  paint car annotation
2017-06-17 20:47:23  [ AWT-EventQueue-0:4700 ] - [ DEBUG ]  paint car annotation
2017-06-17 20:47:23  [ AWT-EventQueue-0:4708 ] - [ DEBUG ]  paint car annotation
2017-06-17 20:47:23  [ AWT-EventQueue-0:4717 ] - [ DEBUG ]  paint car annotation
2017-06-17 20:47:23  [ AWT-EventQueue-0:4724 ] - [ DEBUG ]  paint car annotation
2017-06-17 20:47:23  [ AWT-EventQueue-0:4732 ] - [ DEBUG ]  paint car annotation
2017-06-17 20:47:23  [ AWT-EventQueue-0:4739 ] - [ DEBUG ]  paint car annotation
2017-06-17 20:47:23  [ AWT-EventQueue-0:4749 ] - [ DEBUG ]  paint car annotation
2017-06-17 20:47:23  [ AWT-EventQueue-0:4756 ] - [ DEBUG ]  paint car annotation
2017-06-17 20:47:23  [ AWT-EventQueue-0:4764 ] - [ DEBUG ]  paint car annotation
2017-06-17 20:47:23  [ AWT-EventQueue-0:4772 ] - [ DEBUG ]  paint car annotation
2017-06-17 20:47:23  [ AWT-EventQueue-0:4781 ] - [ DEBUG ]  paint car annotation
2017-06-17 20:47:23  [ AWT-EventQueue-0:4788 ] - [ DEBUG ]  paint car annotation
2017-06-17 20:47:23  [ AWT-EventQueue-0:4797 ] - [ DEBUG ]  paint car annotation
2017-06-17 20:47:23  [ AWT-EventQueue-0:4804 ] - [ DEBUG ]  paint car annotation
2017-06-17 20:47:23  [ AWT-EventQueue-0:4814 ] - [ DEBUG ]  paint car annotation
2017-06-17 20:47:23  [ AWT-EventQueue-0:4819 ] - [ DEBUG ]  paint car annotation
2017-06-17 20:47:23  [ AWT-EventQueue-0:4831 ] - [ DEBUG ]  paint car annotation
2017-06-17 20:47:23  [ AWT-EventQueue-0:4836 ] - [ DEBUG ]  paint car annotation
2017-06-17 20:47:23  [ AWT-EventQueue-0:4846 ] - [ DEBUG ]  paint car annotation
2017-06-17 20:47:23  [ AWT-EventQueue-0:4852 ] - [ DEBUG ]  paint car annotation
2017-06-17 20:47:23  [ AWT-EventQueue-0:4860 ] - [ DEBUG ]  paint car annotation
2017-06-17 20:47:23  [ AWT-EventQueue-0:4867 ] - [ DEBUG ]  paint car annotation
2017-06-17 20:47:23  [ AWT-EventQueue-0:4875 ] - [ DEBUG ]  paint car annotation
2017-06-17 20:47:23  [ AWT-EventQueue-0:4884 ] - [ DEBUG ]  paint car annotation
2017-06-17 20:47:23  [ AWT-EventQueue-0:4892 ] - [ DEBUG ]  paint car annotation
2017-06-17 20:47:23  [ AWT-EventQueue-0:4900 ] - [ DEBUG ]  paint car annotation
2017-06-17 20:47:23  [ AWT-EventQueue-0:4908 ] - [ DEBUG ]  paint car annotation
2017-06-17 20:47:23  [ AWT-EventQueue-0:4918 ] - [ DEBUG ]  paint car annotation
2017-06-17 20:47:23  [ AWT-EventQueue-0:4924 ] - [ DEBUG ]  paint car annotation
2017-06-17 20:47:23  [ AWT-EventQueue-0:4933 ] - [ DEBUG ]  paint car annotation
2017-06-17 20:47:23  [ AWT-EventQueue-0:4940 ] - [ DEBUG ]  paint car annotation
2017-06-17 20:47:23  [ AWT-EventQueue-0:4948 ] - [ DEBUG ]  paint car annotation
2017-06-17 20:47:23  [ AWT-EventQueue-0:4955 ] - [ DEBUG ]  paint car annotation
2017-06-17 20:47:23  [ AWT-EventQueue-0:4963 ] - [ DEBUG ]  paint car annotation
2017-06-17 20:47:23  [ AWT-EventQueue-0:4971 ] - [ DEBUG ]  paint car annotation
2017-06-17 20:47:23  [ AWT-EventQueue-0:4981 ] - [ DEBUG ]  paint car annotation
2017-06-17 20:47:23  [ AWT-EventQueue-0:4988 ] - [ DEBUG ]  paint car annotation
2017-06-17 20:47:23  [ AWT-EventQueue-0:4998 ] - [ DEBUG ]  paint car annotation
2017-06-17 20:47:23  [ AWT-EventQueue-0:5003 ] - [ DEBUG ]  paint car annotation
2017-06-17 20:47:23  [ AWT-EventQueue-0:5015 ] - [ DEBUG ]  paint car annotation
2017-06-17 20:47:38  [ AWT-EventQueue-0:19926 ] - [ DEBUG ]  getScalling return 0.8
2017-06-17 20:47:47  [ Thread-4:29177 ] - [ DEBUG ]  show image 0
2017-06-17 20:47:48  [ Thread-4:29677 ] - [ DEBUG ]  show image 1
2017-06-17 20:47:48  [ Thread-4:30178 ] - [ DEBUG ]  show image 2
2017-06-17 20:47:49  [ Thread-4:30679 ] - [ DEBUG ]  show image 3
2017-06-17 20:47:49  [ Thread-4:31179 ] - [ DEBUG ]  show image 4
2017-06-17 20:47:50  [ Thread-4:31680 ] - [ DEBUG ]  show image 5
2017-06-17 20:47:50  [ Thread-4:32180 ] - [ DEBUG ]  show image 6
2017-06-17 20:47:51  [ Thread-4:32680 ] - [ DEBUG ]  show image 7
2017-06-17 20:47:51  [ Thread-4:33180 ] - [ DEBUG ]  show image 8
2017-06-17 20:47:52  [ Thread-4:33682 ] - [ DEBUG ]  show image 9
2017-06-17 20:47:52  [ Thread-4:34182 ] - [ DEBUG ]  show image 10
2017-06-17 20:47:53  [ Thread-4:34682 ] - [ DEBUG ]  show image 11
2017-06-17 20:47:53  [ Thread-4:35183 ] - [ DEBUG ]  show image 12
2017-06-17 20:47:54  [ Thread-4:35683 ] - [ DEBUG ]  show image 13
2017-06-17 20:47:54  [ Thread-4:36185 ] - [ DEBUG ]  show image 14
2017-06-17 20:47:55  [ Thread-4:36686 ] - [ DEBUG ]  show image 15
